0 silly input []
1 silly flags { _: [ 'bootstrap' ],
1 silly flags   'reject-cycles': false,
1 silly flags   rejectCycles: false,
1 silly flags   args: [] }
2 verbose rootPath /Users/yuri/temp/lerna-repo
3 info version 2.10.2
4 silly existsSync /Users/yuri/temp/lerna-repo/VERSION
5 silly initialize attempt
6 silly npmConfig { registry: undefined,
6 silly npmConfig   npmClient: undefined,
6 silly npmConfig   npmClientArgs: undefined,
6 silly npmConfig   mutex: undefined }
7 silly initialize success
8 silly execute attempt
9 info Bootstrapping 3 packages
10 info lifecycle preinstall
11 silly runScript preinstall @ninjakttty/alpha
12 silly @ninjakttty/alpha
13 silly runScript preinstall @ninjakttty/beta
14 silly @ninjakttty/beta
15 silly runScript preinstall @ninjakttty/usage
16 silly @ninjakttty/usage
17 silly hasDependencyInstalled @ninjakttty/usage @ninjakttty/alpha
18 silly dependencyIsSatisfied [ '@ninjakttty/alpha',
18 silly dependencyIsSatisfied   '1.0.0',
18 silly dependencyIsSatisfied   '/Users/yuri/temp/lerna-repo/packages/usage/node_modules' ]
19 verbose dependencyIsSatisfied @ninjakttty/alpha false
20 silly root dependencies []
21 silly leaf dependencies {
21 silly leaf dependencies   "@ninjakttty/usage": [
21 silly leaf dependencies     {
21 silly leaf dependencies       "dependency": "@ninjakttty/alpha@1.0.0",
21 silly leaf dependencies       "isSatisfied": false
21 silly leaf dependencies     }
21 silly leaf dependencies   ]
21 silly leaf dependencies }
22 info Installing external dependencies
23 verbose actions 1 actions, concurrency 4
24 silly installInDir usage [ '@ninjakttty/alpha@1.0.0' ]
25 silly installInDir backup /Users/yuri/temp/lerna-repo/packages/usage/package.json
26 silly rename [ '/Users/yuri/temp/lerna-repo/packages/usage/package.json',
26 silly rename   '/Users/yuri/temp/lerna-repo/packages/usage/package.json.lerna_backup' ]
27 silly installInDir writing tempJson { dependencies: { '@ninjakttty/alpha': '1.0.0' } }
28 silly getExecOpts { cwd: '/Users/yuri/temp/lerna-repo/packages/usage' }
29 silly installInDir [ 'npm', [ 'install' ] ]
30 silly installInDir cleanup /Users/yuri/temp/lerna-repo/packages/usage/package.json
31 silly renameSync [ '/Users/yuri/temp/lerna-repo/packages/usage/package.json.lerna_backup',
31 silly renameSync   '/Users/yuri/temp/lerna-repo/packages/usage/package.json' ]
32 verbose installed leaf @ninjakttty/usage
33 error execute callback with error
34 error Error: Command failed: npm install
34 error npm ERR! code E404
34 error npm ERR! 404 Not Found: @ninjakttty/alpha@1.0.0
34 error
34 error npm ERR! A complete log of this run can be found in:
34 error npm ERR!     /Users/yuri/.npm/_logs/2018-04-30T16_58_35_978Z-debug.log
34 error
34 error     at Promise.all.then.arr (/Users/yuri/.nvm/versions/node/v8.9.0/lib/node_modules/lerna/node_modules/execa/index.js:236:11)
34 error     at <anonymous>
